2025-06-05 14:10:21,318 - Honeypot listening on port 21
2025-06-05 14:10:21,322 - Honeypot listening on port 22
2025-06-05 14:10:21,328 - Honeypot listening on port 23
2025-06-05 14:10:21,341 - Honeypot listening on port 80
2025-06-05 14:10:21,344 - Honeypot listening on port 443
2025-06-05 14:10:21,359 - Honeypot listening on port 8080
2025-06-05 14:10:22,277 - Imported existing <module 'comtypes.gen' from 'C:\\Users\\zxola\\AppData\\Local\\Programs\\Python\\Python313\\Lib\\site-packages\\comtypes\\gen\\__init__.py'>
2025-06-05 14:10:22,277 - Using writeable comtypes cache directory: 'C:\Users\zxola\AppData\Local\Programs\Python\Python313\Lib\site-packages\comtypes\gen'
2025-06-05 14:10:22,359 - Honeypot active on FTP port.
2025-06-05 14:10:23,385 - Honeypot active on RDP port.
2025-06-05 14:10:24,511 - Honeypot active on Telnet port.
2025-06-05 14:10:25,577 - Honeypot active on SMB port.
2025-06-05 14:10:31,701 - Honeypot active on FTP port.
2025-06-05 14:10:32,754 - Honeypot active on RDP port.
2025-06-05 14:10:33,805 - Honeypot active on Telnet port.
2025-06-05 14:10:34,846 - Honeypot active on SMB port.
2025-06-05 14:10:40,913 - Honeypot active on FTP port.
2025-06-05 14:10:41,972 - Honeypot active on RDP port.
2025-06-05 14:10:43,024 - Honeypot active on Telnet port.
2025-06-05 14:10:44,059 - Honeypot active on SMB port.
2025-06-05 14:10:50,099 - Honeypot active on FTP port.
2025-06-05 14:10:51,136 - Honeypot active on RDP port.
2025-06-05 14:10:52,171 - Honeypot active on Telnet port.
2025-06-05 14:10:53,192 - Honeypot active on SMB port.
2025-06-05 14:10:59,231 - Honeypot active on FTP port.
2025-06-05 14:11:00,266 - Honeypot active on RDP port.
2025-06-05 14:11:01,303 - Honeypot active on Telnet port.
2025-06-05 14:11:02,342 - Honeypot active on SMB port.
2025-06-05 14:11:08,394 - Honeypot active on FTP port.
2025-06-05 14:11:09,433 - Honeypot active on RDP port.
2025-06-05 14:11:10,487 - Honeypot active on Telnet port.
2025-06-05 14:11:11,523 - Honeypot active on SMB port.
2025-06-05 14:11:17,562 - Honeypot active on FTP port.
2025-06-05 14:11:18,580 - Honeypot active on RDP port.
2025-06-05 14:11:19,619 - Honeypot active on Telnet port.
2025-06-05 14:11:20,670 - Honeypot active on SMB port.
2025-06-05 14:11:26,900 - Honeypot active on FTP port.
2025-06-05 14:11:28,797 - Honeypot active on RDP port.
2025-06-05 14:11:29,908 - Honeypot active on Telnet port.
2025-06-05 14:11:31,027 - Honeypot active on SMB port.
2025-06-05 14:11:37,145 - Honeypot active on FTP port.
2025-06-05 14:11:38,201 - Honeypot active on RDP port.
2025-06-05 14:11:39,254 - Honeypot active on Telnet port.
2025-06-05 14:11:40,309 - Honeypot active on SMB port.
2025-06-05 14:11:46,377 - Honeypot active on FTP port.
2025-06-05 14:11:47,434 - Honeypot active on RDP port.
2025-06-05 14:11:48,471 - Honeypot active on Telnet port.
2025-06-05 14:11:49,508 - Honeypot active on SMB port.
2025-06-05 14:11:55,595 - Honeypot active on FTP port.
2025-06-05 14:11:56,647 - Honeypot active on RDP port.
2025-06-05 14:11:57,701 - Honeypot active on Telnet port.
2025-06-05 14:11:58,725 - Honeypot active on SMB port.
2025-06-05 14:12:04,792 - Honeypot active on FTP port.
2025-06-05 14:12:05,849 - Honeypot active on RDP port.
2025-06-05 14:12:06,915 - Honeypot active on Telnet port.
2025-06-05 14:12:07,972 - Honeypot active on SMB port.
2025-06-05 14:12:14,041 - Honeypot active on FTP port.
2025-06-05 14:12:15,081 - Honeypot active on RDP port.
2025-06-05 14:12:16,136 - Honeypot active on Telnet port.
2025-06-05 14:12:17,172 - Honeypot active on SMB port.
2025-06-05 14:12:23,225 - Honeypot active on FTP port.
2025-06-05 14:12:24,280 - Honeypot active on RDP port.
2025-06-05 14:12:25,319 - Honeypot active on Telnet port.
2025-06-05 14:12:26,353 - Honeypot active on SMB port.
2025-06-05 14:12:32,426 - Honeypot active on FTP port.
2025-06-05 14:12:33,478 - Honeypot active on RDP port.
2025-06-05 14:12:34,532 - Honeypot active on Telnet port.
2025-06-05 14:12:35,587 - Honeypot active on SMB port.
2025-06-05 14:12:41,641 - Honeypot active on FTP port.
2025-06-05 14:12:42,694 - Honeypot active on RDP port.
2025-06-05 14:12:43,748 - Honeypot active on Telnet port.
2025-06-05 14:12:44,785 - Honeypot active on SMB port.
2025-06-05 14:12:50,856 - Honeypot active on FTP port.
2025-06-05 14:12:51,908 - Honeypot active on RDP port.
2025-06-05 14:12:52,930 - Honeypot active on Telnet port.
2025-06-05 14:12:53,967 - Honeypot active on SMB port.
2025-06-05 14:13:00,027 - Honeypot active on FTP port.
2025-06-05 14:13:01,075 - Honeypot active on RDP port.
2025-06-05 14:13:02,112 - Honeypot active on Telnet port.
2025-06-05 14:13:03,166 - Honeypot active on SMB port.
2025-06-05 14:13:09,236 - Honeypot active on FTP port.
2025-06-05 14:13:10,272 - Honeypot active on RDP port.
2025-06-05 14:13:11,311 - Honeypot active on Telnet port.
2025-06-05 14:13:12,365 - Honeypot active on SMB port.
2025-06-05 14:13:18,434 - Honeypot active on FTP port.
2025-06-05 14:13:19,474 - Honeypot active on RDP port.
2025-06-05 14:13:20,527 - Honeypot active on Telnet port.
2025-06-05 14:13:21,580 - Honeypot active on SMB port.
2025-06-05 14:13:27,652 - Honeypot active on FTP port.
2025-06-05 14:13:28,706 - Honeypot active on RDP port.
2025-06-05 14:13:29,747 - Honeypot active on Telnet port.
2025-06-05 14:13:31,050 - Honeypot active on SMB port.
2025-06-05 14:13:37,081 - Honeypot active on FTP port.
2025-06-05 14:13:38,105 - Honeypot active on RDP port.
2025-06-05 14:13:39,121 - Honeypot active on Telnet port.
2025-06-05 14:13:40,161 - Honeypot active on SMB port.
2025-06-05 14:13:46,199 - Honeypot active on FTP port.
2025-06-05 14:13:47,219 - Honeypot active on RDP port.
2025-06-05 14:13:48,240 - Honeypot active on Telnet port.
2025-06-05 14:13:49,260 - Honeypot active on SMB port.
2025-06-05 14:13:55,297 - Honeypot active on FTP port.
2025-06-05 14:13:56,318 - Honeypot active on RDP port.
2025-06-05 14:13:57,339 - Honeypot active on Telnet port.
2025-06-05 14:13:58,357 - Honeypot active on SMB port.
2025-06-05 14:14:04,412 - Honeypot active on FTP port.
2025-06-05 14:14:05,450 - Honeypot active on RDP port.
2025-06-05 14:14:06,469 - Honeypot active on Telnet port.
2025-06-05 14:14:07,507 - Honeypot active on SMB port.
2025-06-05 14:14:13,545 - Honeypot active on FTP port.
2025-06-05 14:14:14,565 - Honeypot active on RDP port.
2025-06-05 14:14:15,585 - Honeypot active on Telnet port.
2025-06-05 14:14:16,607 - Honeypot active on SMB port.
2025-06-05 14:14:22,660 - Honeypot active on FTP port.
2025-06-05 14:14:23,681 - Honeypot active on RDP port.
2025-06-05 14:14:24,701 - Honeypot active on Telnet port.
2025-06-05 14:14:25,722 - Honeypot active on SMB port.
2025-06-05 14:14:31,759 - Honeypot active on FTP port.
2025-06-05 14:14:32,798 - Honeypot active on RDP port.
2025-06-05 14:14:33,851 - Honeypot active on Telnet port.
2025-06-05 14:14:34,903 - Honeypot active on SMB port.
2025-06-05 14:14:40,960 - Honeypot active on FTP port.
2025-06-05 14:14:42,030 - Honeypot active on RDP port.
2025-06-05 14:14:43,067 - Honeypot active on Telnet port.
2025-06-05 14:14:44,119 - Honeypot active on SMB port.
2025-06-05 14:14:50,175 - Honeypot active on FTP port.
2025-06-05 14:14:51,211 - Honeypot active on RDP port.
2025-06-05 14:14:52,232 - Honeypot active on Telnet port.
2025-06-05 14:14:53,268 - Honeypot active on SMB port.
2025-06-05 14:14:59,323 - Honeypot active on FTP port.
2025-06-05 14:15:00,344 - Honeypot active on RDP port.
2025-06-05 14:15:01,398 - Honeypot active on Telnet port.
2025-06-05 14:15:02,452 - Honeypot active on SMB port.
2025-06-05 14:15:08,540 - Honeypot active on FTP port.
2025-06-05 14:15:09,610 - Honeypot active on RDP port.
2025-06-05 14:15:10,630 - Honeypot active on Telnet port.
2025-06-05 14:15:11,683 - Honeypot active on SMB port.
2025-06-05 14:15:17,755 - Honeypot active on FTP port.
2025-06-05 14:15:18,809 - Honeypot active on RDP port.
2025-06-05 14:15:19,860 - Honeypot active on Telnet port.
2025-06-05 14:15:20,897 - Honeypot active on SMB port.
2025-06-05 14:15:26,969 - Honeypot active on FTP port.
2025-06-05 14:15:27,991 - Honeypot active on RDP port.
2025-06-05 14:15:29,030 - Honeypot active on Telnet port.
2025-06-05 14:15:30,066 - Honeypot active on SMB port.
2025-06-05 14:15:36,137 - Honeypot active on FTP port.
2025-06-05 14:15:37,174 - Honeypot active on RDP port.
2025-06-05 14:15:38,212 - Honeypot active on Telnet port.
2025-06-05 14:15:39,248 - Honeypot active on SMB port.
2025-06-05 14:15:45,287 - Honeypot active on FTP port.
2025-06-05 14:15:46,323 - Honeypot active on RDP port.
2025-06-05 14:15:47,377 - Honeypot active on Telnet port.
2025-06-05 14:15:48,444 - Honeypot active on SMB port.
2025-06-05 14:15:54,502 - Honeypot active on FTP port.
2025-06-05 14:15:55,572 - Honeypot active on RDP port.
2025-06-05 14:15:56,625 - Honeypot active on Telnet port.
2025-06-05 14:15:57,697 - Honeypot active on SMB port.
2025-06-05 14:16:03,767 - Honeypot active on FTP port.
2025-06-05 14:16:26,561 - Honeypot active on RDP port.
2025-06-05 14:16:27,601 - Honeypot active on Telnet port.
2025-06-05 14:16:28,654 - Honeypot active on SMB port.
2025-06-05 14:16:34,743 - Honeypot active on FTP port.
2025-06-05 14:16:35,777 - Honeypot active on RDP port.
2025-06-05 14:16:36,832 - Honeypot active on Telnet port.
2025-06-05 14:16:37,870 - Honeypot active on SMB port.
2025-06-05 14:16:43,939 - Honeypot active on FTP port.
2025-06-05 14:16:44,994 - Honeypot active on RDP port.
2025-06-05 14:16:46,032 - Honeypot active on Telnet port.
2025-06-05 14:16:47,086 - Honeypot active on SMB port.
2025-06-05 14:16:53,157 - Honeypot active on FTP port.
2025-06-05 14:16:54,193 - Honeypot active on RDP port.
2025-06-05 14:16:55,210 - Honeypot active on Telnet port.
2025-06-05 14:16:56,250 - Honeypot active on SMB port.
2025-06-05 14:17:02,306 - Honeypot active on FTP port.
2025-06-05 14:17:03,343 - Honeypot active on RDP port.
2025-06-05 14:17:04,414 - Honeypot active on Telnet port.
2025-06-05 14:17:05,467 - Honeypot active on SMB port.
2025-06-05 14:17:11,539 - Honeypot active on FTP port.
2025-06-05 14:17:12,590 - Honeypot active on RDP port.
2025-06-05 14:17:13,646 - Honeypot active on Telnet port.
2025-06-05 14:17:14,669 - Honeypot active on SMB port.
2025-06-05 14:17:20,737 - Honeypot active on FTP port.
2025-06-05 14:17:21,808 - Honeypot active on RDP port.
2025-06-05 14:17:22,862 - Honeypot active on Telnet port.
2025-06-05 14:17:23,899 - Honeypot active on SMB port.
2025-06-05 14:17:29,967 - Honeypot active on FTP port.
2025-06-05 14:17:31,023 - Honeypot active on RDP port.
2025-06-05 14:17:32,061 - Honeypot active on Telnet port.
2025-06-05 14:17:33,097 - Honeypot active on SMB port.
2025-06-05 14:17:39,185 - Honeypot active on FTP port.
2025-06-05 14:17:40,240 - Honeypot active on RDP port.
2025-06-05 14:17:41,279 - Honeypot active on Telnet port.
2025-06-05 14:17:42,332 - Honeypot active on SMB port.
2025-06-05 14:17:49,516 - Honeypot active on FTP port.
2025-06-05 14:17:50,539 - Honeypot active on RDP port.
2025-06-05 14:17:51,613 - Honeypot active on Telnet port.
2025-06-05 14:17:52,650 - Honeypot active on SMB port.
2025-06-05 14:17:58,704 - Honeypot active on FTP port.
2025-06-05 14:17:59,741 - Honeypot active on RDP port.
2025-06-05 14:18:00,828 - Honeypot active on Telnet port.
2025-06-05 14:18:01,865 - Honeypot active on SMB port.
2025-06-05 14:18:07,920 - Honeypot active on FTP port.
2025-06-05 14:18:08,973 - Honeypot active on RDP port.
2025-06-05 14:18:10,027 - Honeypot active on Telnet port.
2025-06-05 14:18:11,078 - Honeypot active on SMB port.
2025-06-05 14:18:17,152 - Honeypot active on FTP port.
2025-06-05 14:18:18,170 - Honeypot active on RDP port.
2025-06-05 14:18:19,192 - Honeypot active on Telnet port.
2025-06-05 14:18:20,246 - Honeypot active on SMB port.
2025-06-05 14:18:26,301 - Honeypot active on FTP port.
2025-06-05 14:18:27,355 - Honeypot active on RDP port.
2025-06-05 14:18:28,386 - Honeypot active on Telnet port.
2025-06-05 14:18:29,443 - Honeypot active on SMB port.
2025-06-05 14:18:35,501 - Honeypot active on FTP port.
2025-06-05 14:18:36,570 - Honeypot active on RDP port.
2025-06-05 14:18:37,625 - Honeypot active on Telnet port.
2025-06-05 14:18:38,694 - Honeypot active on SMB port.
2025-06-05 14:18:44,766 - Honeypot active on FTP port.
2025-06-05 14:18:45,818 - Honeypot active on RDP port.
2025-06-05 14:18:46,821 - Honeypot active on Telnet port.
2025-06-05 14:18:47,843 - Honeypot active on SMB port.
2025-06-05 14:18:53,915 - Honeypot active on FTP port.
2025-06-05 14:18:54,935 - Honeypot active on RDP port.
2025-06-05 14:18:55,989 - Honeypot active on Telnet port.
2025-06-05 14:18:57,042 - Honeypot active on SMB port.
2025-06-05 14:19:03,114 - Honeypot active on FTP port.
2025-06-05 14:19:04,151 - Honeypot active on RDP port.
2025-06-05 14:19:05,204 - Honeypot active on Telnet port.
2025-06-05 14:19:06,258 - Honeypot active on SMB port.
2025-06-05 14:19:12,317 - Honeypot active on FTP port.
2025-06-05 14:19:13,346 - Honeypot active on RDP port.
2025-06-05 14:19:14,405 - Honeypot active on Telnet port.
2025-06-05 14:19:15,441 - Honeypot active on SMB port.
2025-06-05 14:19:21,510 - Honeypot active on FTP port.
2025-06-05 14:19:22,533 - Honeypot active on RDP port.
2025-06-05 14:19:23,569 - Honeypot active on Telnet port.
2025-06-05 14:19:24,623 - Honeypot active on SMB port.
2025-06-05 14:19:30,694 - Honeypot active on FTP port.
2025-06-05 14:19:31,763 - Honeypot active on RDP port.
2025-06-05 14:19:32,781 - Honeypot active on Telnet port.
2025-06-05 14:19:33,838 - Honeypot active on SMB port.
2025-06-05 14:19:39,967 - Honeypot active on FTP port.
2025-06-05 14:19:40,996 - Honeypot active on RDP port.
2025-06-05 14:19:42,033 - Honeypot active on Telnet port.
2025-06-05 14:19:43,069 - Honeypot active on SMB port.
2025-06-05 14:19:49,109 - Honeypot active on FTP port.
2025-06-05 14:19:50,167 - Honeypot active on RDP port.
2025-06-05 14:19:51,212 - Honeypot active on Telnet port.
2025-06-05 14:19:52,270 - Honeypot active on SMB port.
2025-06-05 14:19:59,359 - Honeypot active on FTP port.
2025-06-05 14:20:00,377 - Honeypot active on RDP port.
2025-06-05 14:20:01,417 - Honeypot active on Telnet port.
2025-06-05 14:20:02,436 - Honeypot active on SMB port.
2025-06-05 14:20:08,508 - Honeypot active on FTP port.
2025-06-05 14:20:09,528 - Honeypot active on RDP port.
2025-06-05 14:20:10,550 - Honeypot active on Telnet port.
2025-06-05 14:20:11,585 - Honeypot active on SMB port.
2025-06-05 14:20:17,624 - Honeypot active on FTP port.
2025-06-05 14:20:18,643 - Honeypot active on RDP port.
2025-06-05 14:43:25,977 - Honeypot listening on port 21
2025-06-05 14:43:25,991 - Honeypot listening on port 22
2025-06-05 14:43:25,993 - Honeypot listening on port 23
2025-06-05 14:43:25,997 - Honeypot listening on port 80
2025-06-05 14:43:26,003 - Honeypot listening on port 443
2025-06-05 14:43:26,051 - Honeypot listening on port 8080
2025-06-05 14:43:26,624 - Honeypot active on FTP port.
2025-06-05 14:43:26,943 - Imported existing <module 'comtypes.gen' from 'C:\\Users\\zxola\\AppData\\Local\\Programs\\Python\\Python313\\Lib\\site-packages\\comtypes\\gen\\__init__.py'>
2025-06-05 14:43:26,943 - Using writeable comtypes cache directory: 'C:\Users\zxola\AppData\Local\Programs\Python\Python313\Lib\site-packages\comtypes\gen'
2025-06-05 14:43:27,688 - Honeypot active on RDP port.
2025-06-05 14:43:28,726 - Honeypot active on Telnet port.
2025-06-05 14:43:29,745 - Honeypot active on SMB port.
2025-06-05 14:43:35,836 - Honeypot active on FTP port.
2025-06-05 14:43:36,890 - Honeypot active on RDP port.
2025-06-05 14:43:37,926 - Honeypot active on Telnet port.
2025-06-05 14:43:38,998 - Honeypot active on SMB port.
2025-06-05 14:43:45,052 - Honeypot active on FTP port.
2025-06-05 14:43:46,089 - Honeypot active on RDP port.
2025-06-05 14:43:47,142 - Honeypot active on Telnet port.
2025-06-05 14:43:48,213 - Honeypot active on SMB port.
2025-06-05 14:43:54,437 - Honeypot active on FTP port.
2025-06-05 14:43:55,835 - Honeypot active on RDP port.
2025-06-05 14:43:56,893 - Honeypot active on Telnet port.
2025-06-05 14:43:57,947 - Honeypot active on SMB port.
2025-06-05 14:44:04,019 - Honeypot active on FTP port.
2025-06-05 14:44:05,073 - Honeypot active on RDP port.
2025-06-05 14:44:06,125 - Honeypot active on Telnet port.
2025-06-05 14:44:07,164 - Honeypot active on SMB port.
2025-06-05 14:44:13,305 - Honeypot active on FTP port.
2025-06-05 14:44:14,322 - Honeypot active on RDP port.
2025-06-05 14:44:15,510 - Honeypot active on Telnet port.
2025-06-05 14:44:16,564 - Honeypot active on SMB port.
2025-06-05 14:44:22,626 - Honeypot active on FTP port.
2025-06-05 14:44:23,638 - Honeypot active on RDP port.
2025-06-05 14:44:24,691 - Honeypot active on Telnet port.
2025-06-05 14:44:25,761 - Honeypot active on SMB port.
2025-06-05 14:44:31,934 - Honeypot active on FTP port.
2025-06-05 14:44:33,151 - Honeypot active on RDP port.
2025-06-05 14:44:34,171 - Honeypot active on Telnet port.
2025-06-05 14:44:35,207 - Honeypot active on SMB port.
2025-06-05 14:44:41,279 - Honeypot active on FTP port.
2025-06-05 14:44:42,303 - Honeypot active on RDP port.
2025-06-05 14:44:43,340 - Honeypot active on Telnet port.
2025-06-05 14:44:44,373 - Honeypot active on SMB port.
2025-06-05 14:44:50,447 - Honeypot active on FTP port.
2025-06-05 14:44:51,518 - Honeypot active on RDP port.
2025-06-05 14:44:52,573 - Honeypot active on Telnet port.
2025-06-05 14:44:53,626 - Honeypot active on SMB port.
2025-06-05 14:44:59,698 - Honeypot active on FTP port.
2025-06-05 14:45:00,752 - Honeypot active on RDP port.
2025-06-05 14:45:01,788 - Honeypot active on Telnet port.
2025-06-05 15:40:27,215 - Honeypot listening on port 21
2025-06-05 15:40:27,226 - Honeypot listening on port 22
2025-06-05 15:40:27,364 - Honeypot listening on port 23
2025-06-05 15:40:27,480 - Honeypot listening on port 80
2025-06-05 15:40:27,570 - Honeypot listening on port 443
2025-06-05 15:40:27,708 - Honeypot listening on port 8080
2025-06-05 15:40:27,900 - Honeypot active on FTP port.
2025-06-05 15:40:28,922 - Honeypot active on RDP port.
2025-06-05 15:40:29,975 - Honeypot active on Telnet port.
2025-06-05 15:40:31,042 - Honeypot active on SMB port.
2025-06-05 15:40:37,085 - Honeypot active on FTP port.
2025-06-05 15:40:38,153 - Honeypot active on RDP port.
2025-06-05 15:40:39,189 - Honeypot active on Telnet port.
2025-06-05 15:40:40,257 - Honeypot active on SMB port.
2025-06-05 15:40:46,315 - Honeypot active on FTP port.
2025-06-05 15:40:47,369 - Honeypot active on RDP port.
2025-06-05 15:40:48,421 - Honeypot active on Telnet port.
2025-06-05 15:40:49,442 - Honeypot active on SMB port.
2025-06-05 15:40:55,691 - Honeypot active on FTP port.
2025-06-05 15:40:56,773 - Honeypot active on RDP port.
2025-06-05 15:40:57,846 - Honeypot active on Telnet port.
2025-06-05 15:40:59,189 - Honeypot active on SMB port.
2025-06-05 15:41:05,231 - Honeypot active on FTP port.
2025-06-05 15:41:06,285 - Honeypot active on RDP port.
2025-06-05 15:41:07,338 - Honeypot active on Telnet port.
2025-06-05 15:41:08,434 - Honeypot active on SMB port.
2025-06-05 15:41:14,530 - Honeypot active on FTP port.
2025-06-05 15:41:15,601 - Honeypot active on RDP port.
2025-06-05 15:41:16,671 - Honeypot active on Telnet port.
2025-06-05 15:41:17,725 - Honeypot active on SMB port.
2025-06-05 15:41:23,814 - Honeypot active on FTP port.
2025-06-05 15:41:24,867 - Honeypot active on RDP port.
2025-06-05 15:41:25,937 - Honeypot active on Telnet port.
2025-06-05 15:41:26,991 - Honeypot active on SMB port.
2025-06-05 15:41:33,062 - Honeypot active on FTP port.
2025-06-05 15:41:34,133 - Honeypot active on RDP port.
2025-06-05 15:41:35,168 - Honeypot active on Telnet port.
2025-06-05 15:41:36,191 - Honeypot active on SMB port.
2025-06-05 15:41:42,451 - Honeypot active on FTP port.
2025-06-05 15:41:44,404 - Honeypot active on RDP port.
2025-06-05 15:41:45,590 - Honeypot active on Telnet port.
2025-06-05 15:41:46,651 - Honeypot active on SMB port.
2025-06-05 15:41:52,815 - Honeypot active on FTP port.
2025-06-05 15:41:53,885 - Honeypot active on RDP port.
2025-06-05 15:41:54,923 - Honeypot active on Telnet port.
2025-06-05 15:41:55,960 - Honeypot active on SMB port.
2025-06-05 15:42:02,030 - Honeypot active on FTP port.
2025-06-05 15:42:03,087 - Honeypot active on RDP port.
2025-06-05 15:42:04,137 - Honeypot active on Telnet port.
2025-06-05 15:42:05,192 - Honeypot active on SMB port.
2025-06-05 15:42:11,262 - Honeypot active on FTP port.
2025-06-05 15:42:12,302 - Honeypot active on RDP port.
2025-06-05 15:42:13,354 - Honeypot active on Telnet port.
2025-06-05 15:42:14,408 - Honeypot active on SMB port.
2025-06-05 15:42:20,461 - Honeypot active on FTP port.
2025-06-05 15:42:21,533 - Honeypot active on RDP port.
2025-06-05 15:42:22,587 - Honeypot active on Telnet port.
2025-06-05 15:42:23,640 - Honeypot active on SMB port.
2025-06-05 15:42:29,711 - Honeypot active on FTP port.
2025-06-05 15:42:30,767 - Honeypot active on RDP port.
2025-06-05 15:42:31,819 - Honeypot active on Telnet port.
2025-06-05 15:42:32,872 - Honeypot active on SMB port.
2025-06-05 15:42:39,011 - Honeypot active on FTP port.
2025-06-05 15:42:40,083 - Honeypot active on RDP port.
2025-06-05 15:42:41,118 - Honeypot active on Telnet port.
2025-06-05 15:42:42,172 - Honeypot active on SMB port.
2025-06-05 15:42:48,318 - Honeypot active on FTP port.
2025-06-05 15:42:49,427 - Honeypot active on RDP port.
2025-06-05 16:01:54,286 - Honeypot listening on port 21
2025-06-05 16:01:54,293 - Honeypot listening on port 22
2025-06-05 16:01:54,306 - Honeypot listening on port 23
2025-06-05 16:01:54,318 - Honeypot listening on port 80
2025-06-05 16:01:54,336 - Honeypot listening on port 443
2025-06-05 16:01:54,350 - Honeypot listening on port 8080
2025-06-05 16:01:55,247 - Honeypot active on FTP port.
2025-06-05 16:01:55,256 - Imported existing <module 'comtypes.gen' from 'C:\\Users\\zxola\\AppData\\Local\\Programs\\Python\\Python313\\Lib\\site-packages\\comtypes\\gen\\__init__.py'>
2025-06-05 16:01:55,340 - Using writeable comtypes cache directory: 'C:\Users\zxola\AppData\Local\Programs\Python\Python313\Lib\site-packages\comtypes\gen'
2025-06-05 16:01:56,290 - Honeypot active on RDP port.
2025-06-05 16:01:57,344 - Honeypot active on Telnet port.
2025-06-05 16:01:58,398 - Honeypot active on SMB port.
2025-06-05 16:02:04,627 - Honeypot active on FTP port.
2025-06-05 16:02:05,656 - Honeypot active on RDP port.
2025-06-05 16:02:06,707 - Honeypot active on Telnet port.
2025-06-05 16:02:07,743 - Honeypot active on SMB port.
2025-06-05 16:02:14,447 - Honeypot active on FTP port.
2025-06-05 16:02:15,474 - Honeypot active on RDP port.
2025-06-05 16:02:16,541 - Honeypot active on Telnet port.
2025-06-05 16:02:17,582 - Honeypot active on SMB port.
2025-06-05 16:02:23,654 - Honeypot active on FTP port.
2025-06-05 16:02:24,706 - Honeypot active on RDP port.
2025-06-05 16:02:25,760 - Honeypot active on Telnet port.
2025-06-05 16:02:26,904 - Honeypot active on SMB port.
2025-06-05 16:02:32,965 - Honeypot active on FTP port.
2025-06-05 16:02:34,023 - Honeypot active on RDP port.
2025-06-05 16:02:35,076 - Honeypot active on Telnet port.
2025-06-05 16:02:36,149 - Honeypot active on SMB port.
2025-06-05 16:02:42,218 - Honeypot active on FTP port.
2025-06-05 16:02:43,271 - Honeypot active on RDP port.
2025-06-05 16:02:44,322 - Honeypot active on Telnet port.
2025-06-05 16:02:45,378 - Honeypot active on SMB port.
2025-06-05 16:02:51,417 - Honeypot active on FTP port.
2025-06-05 16:02:52,471 - Honeypot active on RDP port.
2025-06-05 16:02:53,522 - Honeypot active on Telnet port.
2025-06-05 16:02:54,562 - Honeypot active on SMB port.
